  Matrix.cpp
  PathManager.cpp
  Vector4.cpp
  코드를 생성하고 있습니다...
  CodingPandaEngine.vcxproj -> D:\C++\Review_DirectX\CodingPandaEngine\CodingPandaEngine\Bin\CodingPandaEngine_Debug.lib
  .\CodingPandaEngine\Bin\CodingPandaEngine_Debug.lib
  1개 파일이 복사되었습니다.
  .\CodingPandaEngine\Bin\CodingPandaEngine_Debug.lib
  1개 파일이 복사되었습니다.
  .\CodingPandaEngine\Include\Device.h
  .\CodingPandaEngine\Include\Flag.h
  .\CodingPandaEngine\Include\GameInfo.h
  .\CodingPandaEngine\Include\Matrix.h
  .\CodingPandaEngine\Include\PathManager.h
  .\CodingPandaEngine\Include\Ref.h
  .\CodingPandaEngine\Include\SharedPtr.h
  .\CodingPandaEngine\Include\Timer.h
  .\CodingPandaEngine\Include\Resource\ResourceManager.h
  .\CodingPandaEngine\Include\Resource\Mesh\Mesh.h
  .\CodingPandaEngine\Include\Resource\Mesh\SpriteMesh.h
  11개 파일이 복사되었습니다.
